<?xml version="1.0" encoding="UTF-8"?>
<!-- Generated by org.testng.reporters.JUnitXMLReporter -->
<testsuite ignored="0" hostname="DESKTOP-R99IPVV" failures="0" tests="3" name="Default test" time="0.154" errors="0" timestamp="22 Jul 2021 01:31:18 GMT">
  <testcase classname="testNGPkg.testMethodClass1" name="testMethod" time="0.009"/>
  <testcase classname="testNGPkg.testMethodClass1" name="testMethod1" time="0.004"/>
  <testcase classname="testNGPkg.testMethodClass1" name="testMethod2" time="0.003"/>
</testsuite> <!-- Default test -->
