<?xml version="1.0" encoding="UTF-8"?>
<testng-results ignored="0" total="1" passed="1" failed="0" skipped="0">
  <reporter-output>
  </reporter-output>
  <suite started-at="2021-07-24T01:45:07Z" name="Suite" finished-at="2021-07-24T01:45:07Z" duration-ms="85">
    <groups>
    </groups>
    <test started-at="2021-07-24T01:45:07Z" name="Test" finished-at="2021-07-24T01:45:07Z" duration-ms="85">
      <class name="testNGPkg.SimpleAnnotation">
        <test-method is-config="true" signature="beforeMethod()[pri:0, instance:testNGPkg.SimpleAnnotation@3e0e1046]" started-at="2021-07-24T01:45:07Z" name="beforeMethod" finished-at="2021-07-24T01:45:07Z" duration-ms="10" status="PASS">
          <reporter-output>
          </reporter-output>
        </test-method> <!-- beforeMethod -->
        <test-method signature="testMethod()[pri:0, instance:testNGPkg.SimpleAnnotation@3e0e1046]" started-at="2021-07-24T01:45:07Z" name="testMethod" finished-at="2021-07-24T01:45:07Z" duration-ms="7" status="PASS">
          <reporter-output>
          </reporter-output>
        </test-method> <!-- testMethod -->
        <test-method is-config="true" signature="afterMethod()[pri:0, instance:testNGPkg.SimpleAnnotation@3e0e1046]" started-at="2021-07-24T01:45:07Z" name="afterMethod" finished-at="2021-07-24T01:45:07Z" duration-ms="5" status="PASS">
          <reporter-output>
          </reporter-output>
        </test-method> <!-- afterMethod -->
      </class> <!-- testNGPkg.SimpleAnnotation -->
    </test> <!-- Test -->
  </suite> <!-- Suite -->
</testng-results>
